<?xml version="1.1" encoding="UTF-8"?>
<testsuite name="edu.usf.cims.ImageServiceClientSpec" tests="2" failures="0" errors="0" timestamp="2014-05-27T17:33:11" hostname="watson.it.usf.edu" time="0.23">
  <properties/>
  <testcase name="Get an encrypted token" classname="edu.usf.cims.ImageServiceClientSpec" time="0.228"/>
  <testcase name="resize an image" classname="edu.usf.cims.ImageServiceClientSpec" time="0.001"/>
  <system-out><![CDATA[]]></system-out>
  <system-err><![CDATA[]]></system-err>
</testsuite>
